Build started 12/04/2015 19:54:38.
     1>Project "C:\Users\antonio\Documents\GitHub\robotAriaMapper\wallFollower\wallFollower.vcxproj" on node 2 (Build target(s)).
     1>ClCompile:
         C:\Program Files (x86)\Microsoft Visual Studio 12.0\VC\bin\CL.exe /c /I"C:\dev\opengl\glew-1.12.0\include" /I"C:\dev\opengl\freeglut-2.8.1\include" /I"C:\Program Files\MobileRobots\Aria\include" /ZI /nologo /W3 /WX- /sdl /Od /Oy- /D _MBCS /Gm /EHsc /RTC1 /MDd /GS /fp:precise /Zc:wchar_t /Zc:forScope /Fo"Debug\\" /Fd"Debug\vc120.pdb" /Gd /TP /analyze- /errorReport:prompt ObjectDrawer.cpp OpenGLComponent.cpp
         OpenGLComponent.cpp
     1>c:\users\antonio\documents\github\robotariamapper\wallfollower\openglcomponent.cpp(348): warning C4305: 'argument' : truncation from 'double' to 'float'
         ObjectDrawer.cpp
     1>c:\users\antonio\documents\github\robotariamapper\wallfollower\objectdrawer.cpp(53): warning C4244: 'initializing' : conversion from 'double' to 'float', possible loss of data
     1>c:\users\antonio\documents\github\robotariamapper\wallfollower\objectdrawer.cpp(78): warning C4244: 'return' : conversion from 'double' to 'float', possible loss of data
     1>c:\users\antonio\documents\github\robotariamapper\wallfollower\objectdrawer.cpp(83): warning C4244: 'return' : conversion from 'double' to 'float', possible loss of data
     1>c:\users\antonio\documents\github\robotariamapper\wallfollower\objectdrawer.cpp(88): warning C4244: 'return' : conversion from 'double' to 'float', possible loss of data
     1>c:\users\antonio\documents\github\robotariamapper\wallfollower\objectdrawer.cpp(93): warning C4244: 'return' : conversion from 'double' to 'float', possible loss of data
         Generating Code...
       Link:
         C:\Program Files (x86)\Microsoft Visual Studio 12.0\VC\bin\link.exe /ERRORREPORT:PROMPT /OUT:"C:\Users\antonio\Documents\GitHub\robotAriaMapper\Debug\wallFollower.exe" /INCREMENTAL:NO /NOLOGO /LIBPATH:"C:\dev\opengl\glew-1.12.0\lib" /LIBPATH:"C:\dev\opengl\freeglut-2.8.1\lib" /LIBPATH:"C:\Program Files\MobileRobots\Aria\lib" glew32.lib freeglut.lib AriaDebugVC9.lib kernel32.lib user32.lib gdi32.lib winspool.lib comdlg32.lib advapi32.lib shell32.lib ole32.lib oleaut32.lib uuid.lib odbc32.lib odbccp32.lib kernel32.lib user32.lib gdi32.lib winspool.lib comdlg32.lib advapi32.lib shell32.lib ole32.lib oleaut32.lib uuid.lib odbc32.lib odbccp32.lib /MANIFEST /MANIFESTUAC:"level='asInvoker' uiAccess='false'" /manifest:embed /DEBUG /PDB:"C:\Users\antonio\Documents\GitHub\robotAriaMapper\Debug\wallFollower.pdb" /TLBID:1 /DYNAMICBASE /NXCOMPAT /IMPLIB:"C:\Users\antonio\Documents\GitHub\robotAriaMapper\Debug\wallFollower.lib" /MACHINE:X86 Debug\ClassRobo.obj
         Debug\DrawingComponents.obj
         Debug\OpenGLComponent.obj
         Debug\main.obj
         Debug\ObjectDrawer.obj
         Debug\RobotDrawComponent.obj
     1>ClassRobo.obj : warning LNK4075: ignoring '/EDITANDCONTINUE' due to '/OPT:LBR' specification
         wallFollower.vcxproj -> C:\Users\antonio\Documents\GitHub\robotAriaMapper\Debug\wallFollower.exe
     1>Done Building Project "C:\Users\antonio\Documents\GitHub\robotAriaMapper\wallFollower\wallFollower.vcxproj" (Build target(s)).

Build succeeded.

Time Elapsed 00:00:03.34
